<?xml version="1.0" encoding="UTF-8"?>
<!-- Generated by org.testng.reporters.JUnitReportReporter -->
<testsuite hostname="LAPTOP-G6RP46LV" name="com.qa.tests.UserManagement" tests="2" failures="0" timestamp="16 Mar 2019 11:36:51 GMT" time="9.119" errors="0">
  <testcase name="addNewAutomotiveUser" time="0.560" classname="com.qa.tests.UserManagement"/>
  <testcase name="getAllAutomotiveUsers" time="8.559" classname="com.qa.tests.UserManagement"/>
</testsuite> <!-- com.qa.tests.UserManagement -->
